#
# There is insufficient memory for the Java Runtime Environment to continue.
# Native memory allocation (malloc) failed to allocate 131088 bytes for Chunk::new
# Possible reasons:
#   The system is out of physical RAM or swap space
#   In 32 bit mode, the process size limit was hit
# Possible solutions:
#   Reduce memory load on the system
#   Increase physical memory or swap space
#   Check if swap backing store is full
#   Use 64 bit Java on a 64 bit OS
#   Decrease Java heap size (-Xmx/-Xms)
#   Decrease number of Java threads
#   Decrease Java thread stack sizes (-Xss)
#   Set larger code cache with -XX:ReservedCodeCacheSize=
# This output file may be truncated or incomplete.
#
#  Out of Memory Error (allocation.cpp:390), pid=31532, tid=0x0000000000006770
#
# JRE version: OpenJDK Runtime Environment (8.0_112-b06) (build 1.8.0_112-release-b06)
# Java VM: OpenJDK 64-Bit Server VM (25.112-b06 mixed mode windows-amd64 compressed oops)
# Failed to write core dump. Minidumps are not enabled by default on client versions of Windows
#

---------------  T H R E A D  ---------------

Current thread (0x0000000017d7b800):  JavaThread "C2 CompilerThread0" daemon [_thread_in_native, id=26480, stack(0x00000000196e0000,0x00000000197e0000)]

Stack: [0x00000000196e0000,0x00000000197e0000]
[error occurred during error reporting (printing stack bounds), id 0xc0000005]

Native frames: (J=compiled Java code, j=interpreted, Vv=VM code, C=native code)


Current CompileTask:
C2:  15607 2654   !   4       com.android.dx.cf.code.RopperMachine::run (1550 bytes)


---------------  P R O C E S S  ---------------

Java Threads: ( => current thread )
  0x00000000192de000 JavaThread "pool-2-thread-4" [_thread_in_Java, id=42160, stack(0x0000000019fe0000,0x000000001a0e0000)]
  0x00000000192dd800 JavaThread "pool-2-thread-3" [_thread_in_Java, id=43724, stack(0x0000000019ee0000,0x0000000019fe0000)]
  0x00000000192dc800 JavaThread "pool-2-thread-2" [_thread_in_Java, id=47380, stack(0x0000000019de0000,0x0000000019ee0000)]
  0x000000001924c000 JavaThread "pool-3-thread-1" [_thread_blocked, id=11064, stack(0x0000000019ce0000,0x0000000019de0000)]
  0x0000000019249800 JavaThread "pool-2-thread-1" [_thread_in_Java, id=22372, stack(0x0000000019be0000,0x0000000019ce0000)]
  0x000000001913a000 JavaThread "Service Thread" daemon [_thread_blocked, id=19916, stack(0x00000000199e0000,0x0000000019ae0000)]
  0x0000000019136800 JavaThread "C1 CompilerThread2" daemon [_thread_in_native, id=38244, stack(0x00000000198e0000,0x00000000199e0000)]
  0x0000000017d81800 JavaThread "C2 CompilerThread1" daemon [_thread_in_native, id=49908, stack(0x00000000197e0000,0x00000000198e0000)]
=>0x0000000017d7b800 JavaThread "C2 CompilerThread0" daemon [_thread_in_native, id=26480, stack(0x00000000196e0000,0x00000000197e0000)]
  0x0000000017dce800 JavaThread "Attach Listener" daemon [_thread_blocked, id=28676, stack(0x00000000195e0000,0x00000000196e0000)]
  0x00000000190e8800 JavaThread "Signal Dispatcher" daemon [_thread_blocked, id=32480, stack(0x00000000194e0000,0x00000000195e0000)]
  0x0000000003144800 JavaThread "Finalizer" daemon [_thread_blocked, id=30396, stack(0x0000000018fe0000,0x00000000190e0000)]
  0x0000000003141000 JavaThread "Reference Handler" daemon [_thread_blocked, id=45532, stack(0x0000000018ee0000,0x0000000018fe0000)]
  0x000000000304d800 JavaThread "main" [_thread_in_Java, id=32544, stack(0x0000000002ec0000,0x0000000002fc0000)]

Other Threads:
  0x0000000017d35000 VMThread [stack: 0x0000000018de0000,0x0000000018ee0000] [id=23944]
  0x000000001913b000 WatcherThread [stack: 0x0000000019ae0000,0x0000000019be0000] [id=40172]

VM state:not at safepoint (normal execution)

VM Mutex/Monitor currently owned by a thread:  ([mutex/lock_event])
[0x000000000304c2f0] CodeCache_lock - owner thread: 0x0000000019136800
[0x00000000030514d0] Compile_lock - owner thread: 0x0000000019136800
[0x0000000003050a50] MethodCompileQueue_lock - owner thread: 0x0000000019136800

Heap:
 PSYoungGen      total 294400K, used 137009K [0x00000000d5580000, 0x00000000fbf80000, 0x0000000100000000)
  eden space 261632K, 44% used [0x00000000d5580000,0x00000000dc7690f0,0x00000000e5500000)
  from space 32768K, 62% used [0x00000000e5500000,0x00000000e68e36c8,0x00000000e7500000)
  to   space 54784K, 0% used [0x00000000f8a00000,0x00000000f8a00000,0x00000000fbf80000)
 ParOldGen       total 172032K, used 87163K [0x0000000080000000, 0x000000008a800000, 0x00000000d5580000)
  object space 172032K, 50% used [0x0000000080000000,0x000000008551ed30,0x000000008a800000)
 Metaspace       used 6276K, capacity 7216K, committed 7296K, reserved 1056768K
  class space    used 585K, capacity 616K, committed 640K, reserved 1048576K

Card table byte_map: [0x0000000012510000,0x0000000012920000] byte_map_base: 0x0000000012110000

Marking Bits: (ParMarkBitMap*) 0x000000006a2c18f0
 Begin Bits: [0x0000000012fd0000, 0x0000000014fd0000)
 End Bits:   [0x0000000014fd0000, 0x0000000016fd0000)

Polling page: 0x0000000002b00000

CodeCache: size=245760Kb used=7540Kb max_used=11217Kb free=238219Kb
 bounds [0x0000000003150000, 0x0000000003c60000, 0x0000000012150000]
 total_blobs=2072 nmethods=1808 adapters=177
 compilation: enabled

Compilation events (10 events):
Event: 15.489 Thread 0x0000000019136800 nmethod 2658 0x00000000032bfe10 code [0x00000000032bffa0, 0x00000000032c0588]
Event: 15.497 Thread 0x0000000019136800 2662       3       com.android.dx.cf.code.Ropper::getNormalRegCount (13 bytes)
Event: 15.497 Thread 0x0000000019136800 nmethod 2662 0x000000000333e790 code [0x000000000333e900, 0x000000000333ebd0]
Event: 15.531 Thread 0x0000000019136800 2663       3       com.android.dx.rop.cst.CstNat::equals (48 bytes)
Event: 15.532 Thread 0x0000000019136800 nmethod 2663 0x00000000035c1490 code [0x00000000035c1660, 0x00000000035c2058]
Event: 15.560 Thread 0x0000000019136800 2665       3       com.android.dx.cf.direct.StdAttributeFactory::parse0 (532 bytes)
Event: 15.563 Thread 0x0000000019136800 nmethod 2665 0x00000000035ac310 code [0x00000000035acaa0, 0x00000000035b0c98]
Event: 15.579 Thread 0x0000000019136800 2666       3       com.android.dx.cf.code.BaseMachine::popArgs (127 bytes)
Event: 15.580 Thread 0x0000000019136800 nmethod 2666 0x0000000003496250 code [0x0000000003496560, 0x0000000003497ea8]
Event: 15.594 Thread 0x0000000019136800 2668   !   3       com.android.dx.cf.code.Ropper::processBlock (1101 bytes)

GC Heap History (10 events):
Event: 5.144 GC heap before
{Heap before GC invocations=4 (full 0):
 PSYoungGen      total 71680K, used 71672K [0x00000000d5580000, 0x00000000de180000, 0x0000000100000000)
  eden space 66560K, 100% used [0x00000000d5580000,0x00000000d9680000,0x00000000d9680000)
  from space 5120K, 99% used [0x00000000d9680000,0x00000000d9b7e038,0x00000000d9b80000)
  to   space 5120K, 0% used [0x00000000ddc80000,0x00000000ddc80000,0x00000000de180000)
 ParOldGen       total 87552K, used 16062K [0x0000000080000000, 0x0000000085580000, 0x00000000d5580000)
  object space 87552K, 18% used [0x0000000080000000,0x0000000080fafaf8,0x0000000085580000)
 Metaspace       used 5977K, capacity 7088K, committed 7296K, reserved 1056768K
  class space    used 559K, capacity 616K, committed 640K, reserved 1048576K
Event: 5.287 GC heap after
Heap after GC invocations=4 (full 0):
 PSYoungGen      total 138240K, used 5112K [0x00000000d5580000, 0x00000000de180000, 0x0000000100000000)
  eden space 133120K, 0% used [0x00000000d5580000,0x00000000d5580000,0x00000000dd780000)
  from space 5120K, 99% used [0x00000000ddc80000,0x00000000de17e0b8,0x00000000de180000)
  to   space 5120K, 0% used [0x00000000dd780000,0x00000000dd780000,0x00000000ddc80000)
 ParOldGen       total 87552K, used 26769K [0x0000000080000000, 0x0000000085580000, 0x00000000d5580000)
  object space 87552K, 30% used [0x0000000080000000,0x0000000081a24788,0x0000000085580000)
 Metaspace       used 5977K, capacity 7088K, committed 7296K, reserved 1056768K
  class space    used 559K, capacity 616K, committed 640K, reserved 1048576K
}
Event: 7.471 GC heap before
{Heap before GC invocations=5 (full 0):
 PSYoungGen      total 138240K, used 138232K [0x00000000d5580000, 0x00000000de180000, 0x0000000100000000)
  eden space 133120K, 100% used [0x00000000d5580000,0x00000000dd780000,0x00000000dd780000)
  from space 5120K, 99% used [0x00000000ddc80000,0x00000000de17e0b8,0x00000000de180000)
  to   space 5120K, 0% used [0x00000000dd780000,0x00000000dd780000,0x00000000ddc80000)
 ParOldGen       total 87552K, used 26769K [0x0000000080000000, 0x0000000085580000, 0x00000000d5580000)
  object space 87552K, 30% used [0x0000000080000000,0x0000000081a24788,0x0000000085580000)
 Metaspace       used 6152K, capacity 7152K, committed 7296K, reserved 1056768K
  class space    used 579K, capacity 616K, committed 640K, reserved 1048576K
Event: 7.659 GC heap after
Heap after GC invocations=5 (full 0):
 PSYoungGen      total 138240K, used 5112K [0x00000000d5580000, 0x00000000e9080000, 0x0000000100000000)
  eden space 133120K, 0% used [0x00000000d5580000,0x00000000d5580000,0x00000000dd780000)
  from space 5120K, 99% used [0x00000000dd780000,0x00000000ddc7e0a8,0x00000000ddc80000)
  to   space 28160K, 0% used [0x00000000e7500000,0x00000000e7500000,0x00000000e9080000)
 ParOldGen       total 87552K, used 47331K [0x0000000080000000, 0x0000000085580000, 0x00000000d5580000)
  object space 87552K, 54% used [0x0000000080000000,0x0000000082e38cd0,0x0000000085580000)
 Metaspace       used 6152K, capacity 7152K, committed 7296K, reserved 1056768K
  class space    used 579K, capacity 616K, committed 640K, reserved 1048576K
}
Event: 8.489 GC heap before
{Heap before GC invocations=6 (full 0):
 PSYoungGen      total 138240K, used 138232K [0x00000000d5580000, 0x00000000e9080000, 0x0000000100000000)
  eden space 133120K, 100% used [0x00000000d5580000,0x00000000dd780000,0x00000000dd780000)
  from space 5120K, 99% used [0x00000000dd780000,0x00000000ddc7e0a8,0x00000000ddc80000)
  to   space 28160K, 0% used [0x00000000e7500000,0x00000000e7500000,0x00000000e9080000)
 ParOldGen       total 87552K, used 47331K [0x0000000080000000, 0x0000000085580000, 0x00000000d5580000)
  object space 87552K, 54% used [0x0000000080000000,0x0000000082e38cd0,0x0000000085580000)
 Metaspace       used 6254K, capacity 7216K, committed 7296K, reserved 1056768K
  class space    used 583K, capacity 616K, committed 640K, reserved 1048576K
Event: 8.671 GC heap after
Heap after GC invocations=6 (full 0):
 PSYoungGen      total 289792K, used 26251K [0x00000000d5580000, 0x00000000e9980000, 0x0000000100000000)
  eden space 261632K, 0% used [0x00000000d5580000,0x00000000d5580000,0x00000000e5500000)
  from space 28160K, 93% used [0x00000000e7500000,0x00000000e8ea2f60,0x00000000e9080000)
  to   space 32768K, 0% used [0x00000000e5500000,0x00000000e5500000,0x00000000e7500000)
 ParOldGen       total 87552K, used 47331K [0x0000000080000000, 0x0000000085580000, 0x00000000d5580000)
  object space 87552K, 54% used [0x0000000080000000,0x0000000082e38cd0,0x0000000085580000)
 Metaspace       used 6254K, capacity 7216K, committed 7296K, reserved 1056768K
  class space    used 583K, capacity 616K, committed 640K, reserved 1048576K
}
Event: 11.441 GC heap before
{Heap before GC invocations=7 (full 0):
 PSYoungGen      total 289792K, used 287883K [0x00000000d5580000, 0x00000000e9980000, 0x0000000100000000)
  eden space 261632K, 100% used [0x00000000d5580000,0x00000000e5500000,0x00000000e5500000)
  from space 28160K, 93% used [0x00000000e7500000,0x00000000e8ea2f60,0x00000000e9080000)
  to   space 32768K, 0% used [0x00000000e5500000,0x00000000e5500000,0x00000000e7500000)
 ParOldGen       total 87552K, used 47331K [0x0000000080000000, 0x0000000085580000, 0x00000000d5580000)
  object space 87552K, 54% used [0x0000000080000000,0x0000000082e38cd0,0x0000000085580000)
 Metaspace       used 6273K, capacity 7216K, committed 7296K, reserved 1056768K
  class space    used 585K, capacity 616K, committed 640K, reserved 1048576K
Event: 11.748 GC heap after
Heap after GC invocations=7 (full 0):
 PSYoungGen      total 294400K, used 32741K [0x00000000d5580000, 0x00000000fbf80000, 0x0000000100000000)
  eden space 261632K, 0% used [0x00000000d5580000,0x00000000d5580000,0x00000000e5500000)
  from space 32768K, 99% used [0x00000000e5500000,0x00000000e74f97e8,0x00000000e7500000)
  to   space 54784K, 0% used [0x00000000f8a00000,0x00000000f8a00000,0x00000000fbf80000)
 ParOldGen       total 87552K, used 80190K [0x0000000080000000, 0x0000000085580000, 0x00000000d5580000)
  object space 87552K, 91% used [0x0000000080000000,0x0000000084e4f988,0x0000000085580000)
 Metaspace       used 6273K, capacity 7216K, committed 7296K, reserved 1056768K
  class space    used 585K, capacity 616K, committed 640K, reserved 1048576K
}
Event: 11.748 GC heap before
{Heap before GC invocations=8 (full 1):
 PSYoungGen      total 294400K, used 32741K [0x00000000d5580000, 0x00000000fbf80000, 0x0000000100000000)
  eden space 261632K, 0% used [0x00000000d5580000,0x00000000d5580000,0x00000000e5500000)
  from space 32768K, 99% used [0x00000000e5500000,0x00000000e74f97e8,0x00000000e7500000)
  to   space 54784K, 0% used [0x00000000f8a00000,0x00000000f8a00000,0x00000000fbf80000)
 ParOldGen       total 87552K, used 80190K [0x0000000080000000, 0x0000000085580000, 0x00000000d5580000)
  object space 87552K, 91% used [0x0000000080000000,0x0000000084e4f988,0x0000000085580000)
 Metaspace       used 6273K, capacity 7216K, committed 7296K, reserved 1056768K
  class space    used 585K, capacity 616K, committed 640K, reserved 1048576K
Event: 14.232 GC heap after
Heap after GC invocations=8 (full 1):
 PSYoungGen      total 294400K, used 20365K [0x00000000d5580000, 0x00000000fbf80000, 0x0000000100000000)
  eden space 261632K, 0% used [0x00000000d5580000,0x00000000d5580000,0x00000000e5500000)
  from space 32768K, 62% used [0x00000000e5500000,0x00000000e68e36c8,0x00000000e7500000)
  to   space 54784K, 0% used [0x00000000f8a00000,0x00000000f8a00000,0x00000000fbf80000)
 ParOldGen       total 172032K, used 87163K [0x0000000080000000, 0x000000008a800000, 0x00000000d5580000)
  object space 172032K, 50% used [0x0000000080000000,0x000000008551ed30,0x000000008a800000)
 Metaspace       used 6273K, capacity 7216K, committed 7296K, reserved 1056768K
  class space    used 585K, capacity 616K, committed 640K, reserved 1048576K
}

Deoptimization events (10 events):
Event: 14.241 Thread 0x000000000304d800 Uncommon trap: reason=unstable_if action=reinterpret pc=0x000000000356ed20 method=com.android.dx.util.BitIntSet.merge(Lcom/android/dx/util/IntSet;)V @ 60
Event: 14.676 Thread 0x00000000192dc800 Uncommon trap: reason=unstable_if action=reinterpret pc=0x0000000003bc0628 method=com.android.dx.ssa.ConstCollector.updateConstUses(Ljava/util/HashMap;I)V @ 225
Event: 14.678 Thread 0x00000000192dc800 Uncommon trap: reason=bimorphic action=maybe_recompile pc=0x0000000003b11830 method=java.util.HashMap.putVal(ILjava/lang/Object;Ljava/lang/Object;ZZ)Ljava/lang/Object; @ 203
Event: 14.678 Thread 0x00000000192dc800 Uncommon trap: reason=bimorphic action=maybe_recompile pc=0x0000000003b11830 method=java.util.HashMap.putVal(ILjava/lang/Object;Ljava/lang/Object;ZZ)Ljava/lang/Object; @ 203
Event: 15.105 Thread 0x00000000192dd800 Uncommon trap: reason=unstable_if action=reinterpret pc=0x0000000003bf6050 method=com.android.dx.cf.code.Merger.isPossiblyAssignableFrom(Lcom/android/dx/rop/type/TypeBearer;Lcom/android/dx/rop/type/TypeBearer;)Z @ 131
Event: 15.479 Thread 0x00000000192dd800 Uncommon trap: reason=class_check action=maybe_recompile pc=0x0000000003a4abb0 method=com.android.dx.cf.code.RopperMachine.run(Lcom/android/dx/cf/code/Frame;II)V @ 1024
Event: 15.558 Thread 0x000000000304d800 Uncommon trap: reason=unstable_if action=reinterpret pc=0x00000000035689d4 method=com.android.dx.cf.direct.StdAttributeFactory.parse0(Lcom/android/dx/cf/direct/DirectClassFile;ILjava/lang/String;IILcom/android/dx/cf/iface/ParseObserver;)Lcom/android/dx/cf/$oe–&/@
Event: 15.576 Thread 0x000000000304d800 Uncommon trap: reason=unstable_if action=reinterpret pc=0x0000000003bdd3e8 method=com.android.dx.cf.code.Merger.isPossiblyAssignableFrom(Lcom/android/dx/rop/type/TypeBearer;Lcom/android/dx/rop/type/TypeBearer;)Z @ 131
Event: 15.592 Thread 0x000000000304d800 Uncommon trap: reason=unstable_if action=reinterpret pc=0x0000000003af956c method=com.android.dx.cf.code.Ropper.isSynchronized()Z @ 12
Event: 15.601 Thread 0x000000000304d800 Uncommon trap: reason=unstable_if action=reinterpret pc=0x0000000003bebe58 method=com.android.dx.cf.code.Ropper.isSynchronized()Z @ 12

Internal exceptions (8 events):
Event: 0.282 Thread 0x000000000304d800 Exception <a 'java/lang/NoSuchMethodError': Method sun.misc.Unsafe.defineClass(Ljava/lang/String;[BII)Ljava/lang/Class; name or signature does not match> (0x00000000d5587c78) thrown at [C:\src\android\AOSP-openjdk\external\jetbrains\jdk\hotspot\src\share\vÌÁ”òS“?
Event: 0.282 Thread 0x000000000304d800 Exception <a 'java/lang/NoSuchMethodError': Method sun.misc.Unsafe.prefetchRead(Ljava/lang/Object;J)V name or signature does not match> (0x00000000d5587f60) thrown at [C:\src\android\AOSP-openjdk\external\jetbrains\jdk\hotspot\src\share\vm\prims\jni.cpp, l»ŸË9WQ@
Event: 5.329 Thread 0x000000000304d800 Implicit null exception at 0x00000000037b5de2 to 0x00000000037b5eda
Event: 5.537 Thread 0x0000000019249800 Implicit null exception at 0x0000000003472e9b to 0x00000000034752d9
Event: 5.537 Thread 0x0000000019249800 Implicit null exception at 0x0000000003459c8d to 0x000000000345c2a9
Event: 6.351 Thread 0x00000000192dd800 Exception <a 'java/lang/ArrayIndexOutOfBoundsException': 18> (0x00000000daa84bc8) thrown at [C:\src\android\AOSP-openjdk\external\jetbrains\jdk\hotspot\src\share\vm\interpreter\interpreterRuntime.cpp, line 366]
Event: 6.352 Thread 0x00000000192dd800 Exception <a 'java/lang/ArrayIndexOutOfBoundsException'> (0x00000000daa86748) thrown at [C:\src\android\AOSP-openjdk\external\jetbrains\jdk\hotspot\src\share\vm\runtime\sharedRuntime.cpp, line 605]
Event: 6.355 Thread 0x00000000192dd800 Exception <a 'java/lang/ArrayIndexOutOfBoundsException'> (0x00000000daa87a30) thrown at [C:\src\android\AOSP-openjdk\external\jetbrains\jdk\hotspot\src\share\vm\runtime\sharedRuntime.cpp, line 605]

Events (10 events):
Event: 15.580 Thread 0x0000000019136800 flushing nmethod 0x00000000039a3950
Event: 15.580 Thread 0x0000000019136800 flushing nmethod 0x00000000039f5f90
Event: 15.580 Thread 0x0000000019136800 flushing nmethod 0x00000000039f6c90
Event: 15.580 Thread 0x0000000019136800 flushing nmethod 0x0000000003a14910
Event: 15.592 Thread 0x000000000304d800 Uncommon trap: trap_request=0xffffff65 fr.pc=0x0000000003af956c
Event: 15.592 Thread 0x000000000304d800 DEOPT PACKING pc=0x0000000003af956c sp=0x0000000002fbdbd0
Event: 15.592 Thread 0x000000000304d800 DEOPT UNPACKING pc=0x000000000319556a sp=0x0000000002fbdb38 mode 2
Event: 15.601 Thread 0x000000000304d800 Uncommon trap: trap_request=0xffffff65 fr.pc=0x0000000003bebe58
Event: 15.601 Thread 0x000000000304d800 DEOPT PACKING pc=0x0000000003bebe58 sp=0x0000000002fbdce0
Event: 15.601 Thread 0x000000000304d800 DEOPT UNPACKING pc=0x000000000319556a sp=0x0000000002fbdbb0 mode 2


Dynamic libraries:
0x00007ff6bf200000 - 0x00007ff6bf231000 	E:\androidStudio\AndroidStudio\jre\bin\java.exe
0x00007ff88d160000 - 0x00007ff88d331000 	C:\Windows\SYSTEM32\ntdll.dll
0x00007ff88cce0000 - 0x00007ff88cd8b000 	C:\Windows\System32\KERNEL32.DLL
0x00007ff889d90000 - 0x00007ff889fad000 	C:\Windows\System32\KERNELBASE.dll
0x00007ff88bc00000 - 0x00007ff88bca2000 	C:\Windows\System32\ADVAPI32.dll
0x00007ff88c5b0000 - 0x00007ff88c64e000 	C:\Windows\System32\msvcrt.dll
0x00007ff88c540000 - 0x00007ff88c599000 	C:\Windows\System32\sechost.dll
0x00007ff88ceb0000 - 0x00007ff88cfd1000 	C:\Windows\System32\RPCRT4.dll
0x00007ff88a550000 - 0x00007ff88a6b5000 	C:\Windows\System32\USER32.dll
0x00007ff889c40000 - 0x00007ff889c5e000 	C:\Windows\System32\win32u.dll
0x00007ff88c650000 - 0x00007ff88c684000 	C:\Windows\System32\GDI32.dll
0x00007ff889fb0000 - 0x00007ff88a132000 	C:\Windows\System32\gdi32full.dll
0x00007ff880990000 - 0x00007ff880c09000 	C:\Windows\WinSxS\amd64_microsoft.windows.common-controls_6595b64144ccf1df_6.0.14393.447_none_42191651c6827bb3\COMCTL32.dll
0x00007ff88bd10000 - 0x00007ff88bfd8000 	C:\Windows\System32\combase.dll
0x00007ff889ae0000 - 0x00007ff889bd5000 	C:\Windows\System32\ucrtbase.dll
0x00007ff88a1f0000 - 0x00007ff88a25a000 	C:\Windows\System32\bcryptPrimitives.dll
0x00007ff88a6c0000 - 0x00007ff88a6ee000 	C:\Windows\System32\IMM32.DLL
0x0000000069940000 - 0x0000000069a12000 	E:\androidStudio\AndroidStudio\jre\jre\bin\msvcr100.dll
0x0000000069b00000 - 0x000000006a33c000 	E:\androidStudio\AndroidStudio\jre\jre\bin\server\jvm.dll
0x00007ff889c70000 - 0x00007ff889c93000 	C:\Windows\System32\WINMM.dll
0x00007ff8893d0000 - 0x00007ff8893fb000 	C:\Windows\System32\WINMMBASE.dll
0x00007ff88a430000 - 0x00007ff88a472000 	C:\Windows\System32\cfgmgr32.dll
0x00007ff88d050000 - 0x00007ff88d058000 	C:\Windows\System32\PSAPI.DLL
0x00007ff881520000 - 0x00007ff881529000 	C:\Windows\SYSTEM32\WSOCK32.dll
0x00007ff88cfe0000 - 0x00007ff88d04a000 	C:\Windows\System32\WS2_32.dll
0x00007ff886390000 - 0x00007ff88639a000 	C:\Windows\SYSTEM32\VERSION.dll
0x00007ff8802e0000 - 0x00007ff8802ef000 	E:\androidStudio\AndroidStudio\jre\jre\bin\verify.dll
0x00007ff8702a0000 - 0x00007ff8702c9000 	E:\androidStudio\AndroidStudio\jre\jre\bin\java.dll
0x00007ff874630000 - 0x00007ff874646000 	E:\androidStudio\AndroidStudio\jre\jre\bin\zip.dll
0x00007ff88a6f0000 - 0x00007ff88bbf9000 	C:\Windows\System32\SHELL32.dll
0x00007ff889400000 - 0x00007ff889ada000 	C:\Windows\System32\windows.storage.dll
0x00007ff889ca0000 - 0x00007ff889cec000 	C:\Windows\System32\powrprof.dll
0x00007ff88ce30000 - 0x00007ff88ce82000 	C:\Windows\System32\shlwapi.dll
0x00007ff8893c0000 - 0x00007ff8893cf000 	C:\Windows\System32\kernel.appcore.dll
0x00007ff88a140000 - 0x00007ff88a1e9000 	C:\Windows\System32\shcore.dll
0x00007ff889390000 - 0x00007ff8893a4000 	C:\Windows\System32\profapi.dll

VM Arguments:
jvm_args: -Djava.awt.headless=true -Xmx2g -Dfile.encoding=GBK -Duser.country=CN -Duser.language=zh -Duser.variant 
java_command: com.android.dx.command.Main --dex --force-jumbo --num-threads=4 --multi-dex --output E:\hubangyoushang_pro\code\hbys\HuBangYouShang\app\build\intermediates\transforms\dex\debug\folders\1000\5\slice_6 E:\hubangyoushang_pro\code\hbys\HuBangYouShang\app\build\intermediates\transforms\instantRunSlicer\debug\folders\1\5\slice_6
java_class_path (initial): E:\androidStudio\sdk\build-tools\25.0.0\lib\dx.jar
Launcher Type: SUN_STANDARD

Environment Variables:
JAVA_HOME=C:\Program Files\Java\jdk1.8.0_31
CLASSPATH=.;C:\Program Files\Java\jdk1.8.0_31\lib;C:\Program Files\Java\jdk1.8.0_31\lib\tools.jar
PATH=C:\Python27\;C:\Python27\Scripts;C:\ProgramData\Oracle\Java\javapath;C:\Program Files (x86)\Intel\iCLS Client\;C:\Program Files\Intel\iCLS Client\;C:\Windows\system32;C:\Windows;C:\Windows\System32\Wbem;C:\Windows\System32\WindowsPowerShell\v1.0\;C:\Program Files (x86)\Intel\Intel(R) Management Engine Components\DAL;C:\Program Files\Intel\Intel(R) Management Engine Components\DAL;C:\Program Files (x86)\Intel\Intel(R) Management Engine Components\IPT;C:\Program Files\Intel\Intel(R) Management Engine Components\IPT;C:\Program Files (x86)\NVIDIA Corporation\PhysX\Common;C:\Program Files\Java\jdk1.8.0_31\bin;C:\Program Files\Java\jdk1.8.0_31\jre\bin;E:\androidStudio\sdk\platform-tools;E:\androidStudio\sdk\platform-tools;C:\Program Files\Git\cmd;E:\node\;E:\python\python36\Scripts\;E:\python\python36\;C:\Users\wuxiaojun\AppData\Local\Microsoft\WindowsApps;C:\Users\wuxiaojun\AppData\Roaming\npm
USERNAME=wuxiaojun
OS=Windows_NT
PROCESSOR_IDENTIFIER=Intel64 Family 6 Model 142 Stepping 9, GenuineIntel



---------------  S Y S T E M  ---------------

OS: Windows 10.0 , 64 bit Build 14393 (10.0.14393.0)

CPU:total 4 (2 cores per cpu, 2 threads per core) family 6 model 142 stepping 9, cmov, cx8, fxsr, mmx, sse, sse2, sse3, ssse3, sse4.1, sse4.2, popcnt, avx, avx2, aes, clmul, erms, 3dnowpref, lzcnt, ht, tsc, tscinvbit, bmi1, bmi2, adx

Memory: 4k page, physical 8289272k(752764k free), swap 10762180k(3400k free)

vm_info: OpenJDK 64-Bit Server VM (25.112-b06) for windows-amd64 JRE (1.8.0_112-release-b06), built on Dec  8 2016 00:54:26 by "builder" with MS VC++ 10.0 (VS2010)

time: Sat Oct 21 13:03:13 2017
elapsed time: 15 seconds (0d 0h 0m 15s)

